ESLint Fixes Log - 2025-09-04T05:14:54.048Z


--- Fixing unused variables in app/components (ERROR) ---

/Users/herculeanfit1/dev/BTAI-Site/BTAISite/app/components/NavBar.tsx
  27:26  error  'locale' is defined but never used  @typescript-eslint/no-unused-vars

/Users/herculeanfit1/dev/BTAI-Site/BTAISite/app/components/TestimonialSection.tsx
  47:9  warning  Generic Object Injection Sink  security/detect-object-injection

/Users/herculeanfit1/dev/BTAI-Site/BTAISite/app/components/animations/VercelInspiredAnimation.tsx
  144:23  warning  Generic Object Injection Sink  security/detect-object-injection

/Users/herculeanfit1/dev/BTAI-Site/BTAISite/app/components/common/LoadingSpinner.tsx
  41:21  warning  Generic Object Injection Sink  security/detect-object-injection
  42:22  warning  Generic Object Injection Sink  security/detect-object-injection

/Users/herculeanfit1/dev/BTAI-Site/BTAISite/app/components/home/GlobeOverlaySection.tsx
  4:10  error  'Route' is defined but never used  @typescript-eslint/no-unused-vars

/Users/herculeanfit1/dev/BTAI-Site/BTAISite/app/components/streaming/StreamingDashboard.tsx
  169:16  warning  Generic Object Injection Sink  security/detect-object-injection

✖ 7 problems (2 errors, 5 warnings)



--- Fixing unused variables in app/api (ERROR) ---

/Users/herculeanfit1/dev/BTAI-Site/BTAISite/app/api/contact/route.ts
   41:7  warning  Unexpected console statement. Only these console methods are allowed: warn, error  no-console
   51:7  warning  Unexpected console statement. Only these console methods are allowed: warn, error  no-console
  104:5  warning  Unexpected console statement. Only these console methods are allowed: warn, error  no-console

/Users/herculeanfit1/dev/BTAI-Site/BTAISite/app/api/newsletter/route.ts
  21:6   error    'NewsletterData' is defined but never used                                         @typescript-eslint/no-unused-vars
  38:11  warning  Generic Object Injection Sink                                                      security/detect-object-injection
  40:9   warning  Unexpected console statement. Only these console methods are allowed: warn, error  no-console
  76:5   warning  Unexpected console statement. Only these console methods are allowed: warn, error  no-console

✖ 7 problems (1 error, 6 warnings)



--- Fixing unused variables in app/[locale] ---


Oops! Something went wrong! :(

ESLint: 9.26.0

No files matching the pattern "app/about" were found.
Please check for typing mistakes in the pattern.



Oops! Something went wrong! :(

ESLint: 9.26.0

No files matching the pattern "app/blog" were found.
Please check for typing mistakes in the pattern.



Oops! Something went wrong! :(

ESLint: 9.26.0

No files matching the pattern "app/careers" were found.
Please check for typing mistakes in the pattern.



--- Fixing unused variables in app/contact ---


--- Fixing unused variables in app/page.tsx ---


--- Fixing unused variables in lib ---

/Users/herculeanfit1/dev/BTAI-Site/BTAISite/lib/analytics.tsx
  66:5  warning  Unexpected console statement. Only these console methods are allowed: warn, error  no-console
  69:5  warning  Unexpected console statement. Only these console methods are allowed: warn, error  no-console
  72:5  warning  Unexpected console statement. Only these console methods are allowed: warn, error  no-console
  75:5  warning  Unexpected console statement. Only these console methods are allowed: warn, error  no-console
  78:5  warning  Unexpected console statement. Only these console methods are allowed: warn, error  no-console

/Users/herculeanfit1/dev/BTAI-Site/BTAISite/lib/logger.ts
    7:10  warning  Unexpected any. Specify a different type                                           @typescript-eslint/no-explicit-any
   44:12  warning  Unexpected any. Specify a different type                                           @typescript-eslint/no-explicit-any
   91:56  warning  Unexpected any. Specify a different type                                           @typescript-eslint/no-explicit-any
   93:9   warning  Generic Object Injection Sink                                                      security/detect-object-injection
  103:9   warning  Unexpected console statement. Only these console methods are allowed: warn, error  no-console
  106:9   warning  Unexpected console statement. Only these console methods are allowed: warn, error  no-console
  120:33  warning  Unexpected any. Specify a different type                                           @typescript-eslint/no-explicit-any
  124:32  warning  Unexpected any. Specify a different type                                           @typescript-eslint/no-explicit-any
  128:32  warning  Unexpected any. Specify a different type                                           @typescript-eslint/no-explicit-any
  132:33  warning  Unexpected any. Specify a different type                                           @typescript-eslint/no-explicit-any

/Users/herculeanfit1/dev/BTAI-Site/BTAISite/lib/useAnalytics.tsx
   9:53  warning  Unexpected any. Specify a different type  @typescript-eslint/no-explicit-any
  17:46  warning  Unexpected any. Specify a different type  @typescript-eslint/no-explicit-any
  30:50  warning  Unexpected any. Specify a different type  @typescript-eslint/no-explicit-any
  41:54  warning  Unexpected any. Specify a different type  @typescript-eslint/no-explicit-any
  55:35  warning  Unexpected any. Specify a different type  @typescript-eslint/no-explicit-any

✖ 20 problems (0 errors, 20 warnings)



--- Fixing unused variables in src/uitests (ERROR) ---

/Users/herculeanfit1/dev/BTAI-Site/BTAISite/src/uitests/components/accessibility.spec.ts
  15:16  error  'e' is defined but never used  @typescript-eslint/no-unused-vars

/Users/herculeanfit1/dev/BTAI-Site/BTAISite/src/uitests/components/button.spec.ts
    1:29  error  'Page' is defined but never used                     @typescript-eslint/no-unused-vars
    1:40  error  'Locator' is defined but never used                  @typescript-eslint/no-unused-vars
    2:38  error  'hasClass' is defined but never used                 @typescript-eslint/no-unused-vars
  165:18  error  'e' is defined but never used                        @typescript-eslint/no-unused-vars
  457:13  error  'hasFocusStyles' is assigned a value but never used  @typescript-eslint/no-unused-vars

/Users/herculeanfit1/dev/BTAI-Site/BTAISite/src/uitests/components/component.spec.ts
  309:16  error  'e' is defined but never used  @typescript-eslint/no-unused-vars

/Users/herculeanfit1/dev/BTAI-Site/BTAISite/src/uitests/components/navigation.spec.ts
    1:29  error  'Page' is defined but never used                    @typescript-eslint/no-unused-vars
    1:40  error  'Locator' is defined but never used                 @typescript-eslint/no-unused-vars
    4:3   error  'isMobileViewport' is defined but never used        @typescript-eslint/no-unused-vars
   91:11  error  'mobileNavMenu' is assigned a value but never used  @typescript-eslint/no-unused-vars
  173:11  error  'mobileNavMenu' is assigned a value but never used  @typescript-eslint/no-unused-vars

/Users/herculeanfit1/dev/BTAI-Site/BTAISite/src/uitests/performance/lighthouse.spec.ts
   73:3   error  'page' is defined but never used     @typescript-eslint/no-unused-vars
   76:3   error  'reports' is defined but never used  @typescript-eslint/no-unused-vars
  180:16  error  'e' is defined but never used        @typescript-eslint/no-unused-vars
  219:16  error  'e' is defined but never used        @typescript-eslint/no-unused-vars

/Users/herculeanfit1/dev/BTAI-Site/BTAISite/src/uitests/performance/performance.spec.ts
  283:20  error  'e' is defined but never used  @typescript-eslint/no-unused-vars

/Users/herculeanfit1/dev/BTAI-Site/BTAISite/src/uitests/utils/test-utils.ts
  209:13  error    'linkText' is assigned a value but never used     @typescript-eslint/no-unused-vars
  211:36  warning  Found non-literal argument to RegExp Constructor  security/detect-non-literal-regexp

/Users/herculeanfit1/dev/BTAI-Site/BTAISite/src/uitests/utils/visual-regression.ts
   58:9   warning  Unexpected any. Specify a different type                                           @typescript-eslint/no-explicit-any
   64:11  error    'screenshot' is assigned a value but never used                                    @typescript-eslint/no-unused-vars
   74:7   warning  Unexpected console statement. Only these console methods are allowed: warn, error  no-console
   75:14  error    'e' is defined but never used                                                      @typescript-eslint/no-unused-vars
   77:7   warning  Unexpected console statement. Only these console methods are allowed: warn, error  no-console
  115:26  warning  Unexpected any. Specify a different type                                           @typescript-eslint/no-explicit-any
  123:26  warning  Unexpected any. Specify a different type                                           @typescript-eslint/no-explicit-any

✖ 26 problems (20 errors, 6 warnings)



--- Running general ESLint fixes in app/components ---

/Users/herculeanfit1/dev/BTAI-Site/BTAISite/app/components/NavBar.tsx
  27:26  warning  'locale' is defined but never used  @typescript-eslint/no-unused-vars

/Users/herculeanfit1/dev/BTAI-Site/BTAISite/app/components/TestimonialSection.tsx
  47:9  warning  Generic Object Injection Sink  security/detect-object-injection

/Users/herculeanfit1/dev/BTAI-Site/BTAISite/app/components/animations/VercelInspiredAnimation.tsx
  144:23  warning  Generic Object Injection Sink  security/detect-object-injection

/Users/herculeanfit1/dev/BTAI-Site/BTAISite/app/components/common/LoadingSpinner.tsx
  41:21  warning  Generic Object Injection Sink  security/detect-object-injection
  42:22  warning  Generic Object Injection Sink  security/detect-object-injection

/Users/herculeanfit1/dev/BTAI-Site/BTAISite/app/components/home/GlobeOverlaySection.tsx
  4:10  warning  'Route' is defined but never used  @typescript-eslint/no-unused-vars

/Users/herculeanfit1/dev/BTAI-Site/BTAISite/app/components/streaming/StreamingDashboard.tsx
  169:16  warning  Generic Object Injection Sink  security/detect-object-injection

✖ 7 problems (0 errors, 7 warnings)



--- Running general ESLint fixes in app/api ---

/Users/herculeanfit1/dev/BTAI-Site/BTAISite/app/api/contact/route.ts
   41:7  warning  Unexpected console statement. Only these console methods are allowed: warn, error  no-console
   51:7  warning  Unexpected console statement. Only these console methods are allowed: warn, error  no-console
  104:5  warning  Unexpected console statement. Only these console methods are allowed: warn, error  no-console

/Users/herculeanfit1/dev/BTAI-Site/BTAISite/app/api/newsletter/route.ts
  21:6   warning  'NewsletterData' is defined but never used                                         @typescript-eslint/no-unused-vars
  38:11  warning  Generic Object Injection Sink                                                      security/detect-object-injection
  40:9   warning  Unexpected console statement. Only these console methods are allowed: warn, error  no-console
  76:5   warning  Unexpected console statement. Only these console methods are allowed: warn, error  no-console

✖ 7 problems (0 errors, 7 warnings)



--- Running general ESLint fixes in app/[locale] ---


Oops! Something went wrong! :(

ESLint: 9.26.0

No files matching the pattern "app/about" were found.
Please check for typing mistakes in the pattern.



Oops! Something went wrong! :(

ESLint: 9.26.0

No files matching the pattern "app/blog" were found.
Please check for typing mistakes in the pattern.



Oops! Something went wrong! :(

ESLint: 9.26.0

No files matching the pattern "app/careers" were found.
Please check for typing mistakes in the pattern.



--- Running general ESLint fixes in app/contact ---


--- Running general ESLint fixes in app/page.tsx ---


--- Running general ESLint fixes in lib ---

/Users/herculeanfit1/dev/BTAI-Site/BTAISite/lib/analytics.tsx
  66:5  warning  Unexpected console statement. Only these console methods are allowed: warn, error  no-console
  69:5  warning  Unexpected console statement. Only these console methods are allowed: warn, error  no-console
  72:5  warning  Unexpected console statement. Only these console methods are allowed: warn, error  no-console
  75:5  warning  Unexpected console statement. Only these console methods are allowed: warn, error  no-console
  78:5  warning  Unexpected console statement. Only these console methods are allowed: warn, error  no-console

/Users/herculeanfit1/dev/BTAI-Site/BTAISite/lib/logger.ts
    7:10  warning  Unexpected any. Specify a different type                                           @typescript-eslint/no-explicit-any
   44:12  warning  Unexpected any. Specify a different type                                           @typescript-eslint/no-explicit-any
   91:56  warning  Unexpected any. Specify a different type                                           @typescript-eslint/no-explicit-any
   93:9   warning  Generic Object Injection Sink                                                      security/detect-object-injection
  103:9   warning  Unexpected console statement. Only these console methods are allowed: warn, error  no-console
  106:9   warning  Unexpected console statement. Only these console methods are allowed: warn, error  no-console
  120:33  warning  Unexpected any. Specify a different type                                           @typescript-eslint/no-explicit-any
  124:32  warning  Unexpected any. Specify a different type                                           @typescript-eslint/no-explicit-any
  128:32  warning  Unexpected any. Specify a different type                                           @typescript-eslint/no-explicit-any
  132:33  warning  Unexpected any. Specify a different type                                           @typescript-eslint/no-explicit-any

/Users/herculeanfit1/dev/BTAI-Site/BTAISite/lib/useAnalytics.tsx
   9:53  warning  Unexpected any. Specify a different type  @typescript-eslint/no-explicit-any
  17:46  warning  Unexpected any. Specify a different type  @typescript-eslint/no-explicit-any
  30:50  warning  Unexpected any. Specify a different type  @typescript-eslint/no-explicit-any
  41:54  warning  Unexpected any. Specify a different type  @typescript-eslint/no-explicit-any
  55:35  warning  Unexpected any. Specify a different type  @typescript-eslint/no-explicit-any

✖ 20 problems (0 errors, 20 warnings)



--- Running general ESLint fixes in src/uitests ---

/Users/herculeanfit1/dev/BTAI-Site/BTAISite/src/uitests/components/accessibility.spec.ts
  15:16  warning  'e' is defined but never used  @typescript-eslint/no-unused-vars

/Users/herculeanfit1/dev/BTAI-Site/BTAISite/src/uitests/components/button.spec.ts
    1:29  warning  'Page' is defined but never used                     @typescript-eslint/no-unused-vars
    1:40  warning  'Locator' is defined but never used                  @typescript-eslint/no-unused-vars
    2:38  warning  'hasClass' is defined but never used                 @typescript-eslint/no-unused-vars
  165:18  warning  'e' is defined but never used                        @typescript-eslint/no-unused-vars
  457:13  warning  'hasFocusStyles' is assigned a value but never used  @typescript-eslint/no-unused-vars

/Users/herculeanfit1/dev/BTAI-Site/BTAISite/src/uitests/components/component.spec.ts
  309:16  warning  'e' is defined but never used  @typescript-eslint/no-unused-vars

/Users/herculeanfit1/dev/BTAI-Site/BTAISite/src/uitests/components/navigation.spec.ts
    1:29  warning  'Page' is defined but never used                    @typescript-eslint/no-unused-vars
    1:40  warning  'Locator' is defined but never used                 @typescript-eslint/no-unused-vars
    4:3   warning  'isMobileViewport' is defined but never used        @typescript-eslint/no-unused-vars
   91:11  warning  'mobileNavMenu' is assigned a value but never used  @typescript-eslint/no-unused-vars
  173:11  warning  'mobileNavMenu' is assigned a value but never used  @typescript-eslint/no-unused-vars

/Users/herculeanfit1/dev/BTAI-Site/BTAISite/src/uitests/performance/lighthouse.spec.ts
   73:3   warning  'page' is defined but never used     @typescript-eslint/no-unused-vars
   76:3   warning  'reports' is defined but never used  @typescript-eslint/no-unused-vars
  180:16  warning  'e' is defined but never used        @typescript-eslint/no-unused-vars
  219:16  warning  'e' is defined but never used        @typescript-eslint/no-unused-vars

/Users/herculeanfit1/dev/BTAI-Site/BTAISite/src/uitests/performance/performance.spec.ts
  283:20  warning  'e' is defined but never used  @typescript-eslint/no-unused-vars

/Users/herculeanfit1/dev/BTAI-Site/BTAISite/src/uitests/utils/test-utils.ts
  209:13  warning  'linkText' is assigned a value but never used     @typescript-eslint/no-unused-vars
  211:36  warning  Found non-literal argument to RegExp Constructor  security/detect-non-literal-regexp

/Users/herculeanfit1/dev/BTAI-Site/BTAISite/src/uitests/utils/visual-regression.ts
   58:9   warning  Unexpected any. Specify a different type                                           @typescript-eslint/no-explicit-any
   64:11  warning  'screenshot' is assigned a value but never used                                    @typescript-eslint/no-unused-vars
   74:7   warning  Unexpected console statement. Only these console methods are allowed: warn, error  no-console
   75:14  warning  'e' is defined but never used                                                      @typescript-eslint/no-unused-vars
   77:7   warning  Unexpected console statement. Only these console methods are allowed: warn, error  no-console
  115:26  warning  Unexpected any. Specify a different type                                           @typescript-eslint/no-explicit-any
  123:26  warning  Unexpected any. Specify a different type                                           @typescript-eslint/no-explicit-any

✖ 26 problems (0 errors, 26 warnings)



--- Checking for TypeScript errors ---
