ESLint Fixes Log - 2025-05-18T20:05:41.209Z


--- Fixing unused variables in app/components (ERROR) ---

/Users/herculeanfit1/dev/BridgingTrustAI/app/components/BlogSearch.tsx
  149:16  error  'err' is defined but never used  @typescript-eslint/no-unused-vars

/Users/herculeanfit1/dev/BridgingTrustAI/app/components/NavBar.tsx
  25:26  error  'locale' is assigned a value but never used  @typescript-eslint/no-unused-vars

/Users/herculeanfit1/dev/BridgingTrustAI/app/components/PricingTable.tsx
  1:17  error  'ReactNode' is defined but never used  @typescript-eslint/no-unused-vars

/Users/herculeanfit1/dev/BridgingTrustAI/app/components/TestimonialSection.tsx
  46:14  warning  Generic Object Injection Sink  security/detect-object-injection

/Users/herculeanfit1/dev/BridgingTrustAI/app/components/animations/VercelInspiredAnimation.tsx
  144:23  warning  Generic Object Injection Sink  security/detect-object-injection

/Users/herculeanfit1/dev/BridgingTrustAI/app/components/common/LoadingSpinner.tsx
  41:21  warning  Generic Object Injection Sink  security/detect-object-injection
  42:22  warning  Generic Object Injection Sink  security/detect-object-injection

/Users/herculeanfit1/dev/BridgingTrustAI/app/components/globe/SimpleGlobe.tsx
  169:15  error    'geometry' is assigned a value but never used  @typescript-eslint/no-unused-vars
  222:15  error    'geometry' is assigned a value but never used  @typescript-eslint/no-unused-vars
  304:26  warning  Function Call Object Injection Sink            security/detect-object-injection

/Users/herculeanfit1/dev/BridgingTrustAI/app/components/streaming/StreamingDashboard.tsx
  169:16  warning  Generic Object Injection Sink  security/detect-object-injection

✖ 11 problems (5 errors, 6 warnings)



--- Fixing unused variables in app/api (ERROR) ---

/Users/herculeanfit1/dev/BridgingTrustAI/app/api/contact/route.ts
   17:10  error    'isValidEmail' is defined but never used     @typescript-eslint/no-unused-vars
   17:24  error    'isValidName' is defined but never used      @typescript-eslint/no-unused-vars
   17:37  error    'isValidMessage' is defined but never used   @typescript-eslint/no-unused-vars
   56:6   error    'ContactFormData' is defined but never used  @typescript-eslint/no-unused-vars
   90:11  warning  Generic Object Injection Sink                security/detect-object-injection
  188:23  warning  Generic Object Injection Sink                security/detect-object-injection
  202:8   warning  Generic Object Injection Sink                security/detect-object-injection
  203:5   warning  Generic Object Injection Sink                security/detect-object-injection
  207:3   warning  Generic Object Injection Sink                security/detect-object-injection
  210:3   warning  Generic Object Injection Sink                security/detect-object-injection
  210:23  warning  Generic Object Injection Sink                security/detect-object-injection

/Users/herculeanfit1/dev/BridgingTrustAI/app/api/newsletter/route.ts
  21:6   error    'NewsletterData' is defined but never used  @typescript-eslint/no-unused-vars
  38:11  warning  Generic Object Injection Sink               security/detect-object-injection

✖ 13 problems (5 errors, 8 warnings)



--- Fixing unused variables in app/[locale] ---


Oops! Something went wrong! :(

ESLint: 9.26.0

No files matching the pattern "app/about" were found.
Please check for typing mistakes in the pattern.



--- Fixing unused variables in app/blog ---


--- Fixing unused variables in app/careers (ERROR) ---

/Users/herculeanfit1/dev/BridgingTrustAI/app/careers/page.tsx
  2:8  error  'Link' is defined but never used  @typescript-eslint/no-unused-vars

✖ 1 problem (1 error, 0 warnings)



--- Fixing unused variables in app/contact ---


--- Fixing unused variables in app/page.tsx ---


--- Fixing unused variables in lib ---

/Users/herculeanfit1/dev/BridgingTrustAI/lib/logger.ts
    7:10  warning  Unexpected any. Specify a different type  @typescript-eslint/no-explicit-any
   44:12  warning  Unexpected any. Specify a different type  @typescript-eslint/no-explicit-any
   91:56  warning  Unexpected any. Specify a different type  @typescript-eslint/no-explicit-any
   93:9   warning  Generic Object Injection Sink             security/detect-object-injection
  120:33  warning  Unexpected any. Specify a different type  @typescript-eslint/no-explicit-any
  124:32  warning  Unexpected any. Specify a different type  @typescript-eslint/no-explicit-any
  128:32  warning  Unexpected any. Specify a different type  @typescript-eslint/no-explicit-any
  132:33  warning  Unexpected any. Specify a different type  @typescript-eslint/no-explicit-any

/Users/herculeanfit1/dev/BridgingTrustAI/lib/useAnalytics.tsx
   9:53  warning  Unexpected any. Specify a different type  @typescript-eslint/no-explicit-any
  17:46  warning  Unexpected any. Specify a different type  @typescript-eslint/no-explicit-any
  30:50  warning  Unexpected any. Specify a different type  @typescript-eslint/no-explicit-any
  41:54  warning  Unexpected any. Specify a different type  @typescript-eslint/no-explicit-any
  55:35  warning  Unexpected any. Specify a different type  @typescript-eslint/no-explicit-any

✖ 13 problems (0 errors, 13 warnings)



--- Fixing unused variables in src/uitests (ERROR) ---

/Users/herculeanfit1/dev/BridgingTrustAI/src/uitests/components/accessibility.spec.ts
  15:16  error    'e' is defined but never used  @typescript-eslint/no-unused-vars
  53:37  warning  Generic Object Injection Sink  security/detect-object-injection
  55:66  warning  Generic Object Injection Sink  security/detect-object-injection

/Users/herculeanfit1/dev/BridgingTrustAI/src/uitests/components/button.spec.ts
    1:29  error  'Page' is defined but never used                     @typescript-eslint/no-unused-vars
    1:40  error  'Locator' is defined but never used                  @typescript-eslint/no-unused-vars
    2:38  error  'hasClass' is defined but never used                 @typescript-eslint/no-unused-vars
  131:18  error  'e' is defined but never used                        @typescript-eslint/no-unused-vars
  423:13  error  'hasFocusStyles' is assigned a value but never used  @typescript-eslint/no-unused-vars

/Users/herculeanfit1/dev/BridgingTrustAI/src/uitests/components/card.spec.ts
  134:33  warning  Generic Object Injection Sink  security/detect-object-injection

/Users/herculeanfit1/dev/BridgingTrustAI/src/uitests/components/component.spec.ts
  299:16  error  'e' is defined but never used  @typescript-eslint/no-unused-vars

/Users/herculeanfit1/dev/BridgingTrustAI/src/uitests/components/navigation.spec.ts
    1:29  error  'Page' is defined but never used                    @typescript-eslint/no-unused-vars
    1:40  error  'Locator' is defined but never used                 @typescript-eslint/no-unused-vars
    2:20  error  'isMobileViewport' is defined but never used        @typescript-eslint/no-unused-vars
   77:11  error  'mobileNavMenu' is assigned a value but never used  @typescript-eslint/no-unused-vars
  157:11  error  'mobileNavMenu' is assigned a value but never used  @typescript-eslint/no-unused-vars

/Users/herculeanfit1/dev/BridgingTrustAI/src/uitests/performance/lighthouse.spec.ts
   25:22  warning  Unexpected any. Specify a different type  @typescript-eslint/no-explicit-any
   32:22  warning  Unexpected any. Specify a different type  @typescript-eslint/no-explicit-any
   34:20  warning  Unexpected any. Specify a different type  @typescript-eslint/no-explicit-any
   36:18  warning  Unexpected any. Specify a different type  @typescript-eslint/no-explicit-any
   73:3   error    'page' is defined but never used          @typescript-eslint/no-unused-vars
   76:3   error    'reports' is defined but never used       @typescript-eslint/no-unused-vars
   78:9   warning  Unexpected any. Specify a different type  @typescript-eslint/no-explicit-any
   85:20  warning  Unexpected any. Specify a different type  @typescript-eslint/no-explicit-any
  180:16  error    'e' is defined but never used             @typescript-eslint/no-unused-vars
  219:16  error    'e' is defined but never used             @typescript-eslint/no-unused-vars

/Users/herculeanfit1/dev/BridgingTrustAI/src/uitests/performance/performance.spec.ts
  171:7   warning  Generic Object Injection Sink  security/detect-object-injection
  177:25  warning  Generic Object Injection Sink  security/detect-object-injection
  278:20  error    'e' is defined but never used  @typescript-eslint/no-unused-vars

/Users/herculeanfit1/dev/BridgingTrustAI/src/uitests/utils/test-utils.ts
  209:13  error    'linkText' is assigned a value but never used     @typescript-eslint/no-unused-vars
  211:36  warning  Found non-literal argument to RegExp Constructor  security/detect-non-literal-regexp

/Users/herculeanfit1/dev/BridgingTrustAI/src/uitests/utils/visual-regression.ts
  56:9   warning  Unexpected any. Specify a different type         @typescript-eslint/no-explicit-any
  62:11  error    'screenshot' is assigned a value but never used  @typescript-eslint/no-unused-vars
  73:14  error    'e' is defined but never used                    @typescript-eslint/no-unused-vars

✖ 33 problems (20 errors, 13 warnings)



--- Running general ESLint fixes in app/components ---

/Users/herculeanfit1/dev/BridgingTrustAI/app/components/BlogSearch.tsx
  149:16  warning  'err' is defined but never used  @typescript-eslint/no-unused-vars

/Users/herculeanfit1/dev/BridgingTrustAI/app/components/NavBar.tsx
  25:26  warning  'locale' is assigned a value but never used  @typescript-eslint/no-unused-vars

/Users/herculeanfit1/dev/BridgingTrustAI/app/components/PricingTable.tsx
  1:17  warning  'ReactNode' is defined but never used  @typescript-eslint/no-unused-vars

/Users/herculeanfit1/dev/BridgingTrustAI/app/components/TestimonialSection.tsx
  46:14  warning  Generic Object Injection Sink  security/detect-object-injection

/Users/herculeanfit1/dev/BridgingTrustAI/app/components/animations/VercelInspiredAnimation.tsx
  144:23  warning  Generic Object Injection Sink  security/detect-object-injection

/Users/herculeanfit1/dev/BridgingTrustAI/app/components/common/LoadingSpinner.tsx
  41:21  warning  Generic Object Injection Sink  security/detect-object-injection
  42:22  warning  Generic Object Injection Sink  security/detect-object-injection

/Users/herculeanfit1/dev/BridgingTrustAI/app/components/globe/SimpleGlobe.tsx
  169:15  warning  'geometry' is assigned a value but never used  @typescript-eslint/no-unused-vars
  222:15  warning  'geometry' is assigned a value but never used  @typescript-eslint/no-unused-vars
  304:26  warning  Function Call Object Injection Sink            security/detect-object-injection

/Users/herculeanfit1/dev/BridgingTrustAI/app/components/streaming/StreamingDashboard.tsx
  169:16  warning  Generic Object Injection Sink  security/detect-object-injection

✖ 11 problems (0 errors, 11 warnings)



--- Running general ESLint fixes in app/api ---

/Users/herculeanfit1/dev/BridgingTrustAI/app/api/contact/route.ts
   17:10  warning  'isValidEmail' is defined but never used     @typescript-eslint/no-unused-vars
   17:24  warning  'isValidName' is defined but never used      @typescript-eslint/no-unused-vars
   17:37  warning  'isValidMessage' is defined but never used   @typescript-eslint/no-unused-vars
   56:6   warning  'ContactFormData' is defined but never used  @typescript-eslint/no-unused-vars
   90:11  warning  Generic Object Injection Sink                security/detect-object-injection
  188:23  warning  Generic Object Injection Sink                security/detect-object-injection
  202:8   warning  Generic Object Injection Sink                security/detect-object-injection
  203:5   warning  Generic Object Injection Sink                security/detect-object-injection
  207:3   warning  Generic Object Injection Sink                security/detect-object-injection
  210:3   warning  Generic Object Injection Sink                security/detect-object-injection
  210:23  warning  Generic Object Injection Sink                security/detect-object-injection

/Users/herculeanfit1/dev/BridgingTrustAI/app/api/newsletter/route.ts
  21:6   warning  'NewsletterData' is defined but never used  @typescript-eslint/no-unused-vars
  38:11  warning  Generic Object Injection Sink               security/detect-object-injection

✖ 13 problems (0 errors, 13 warnings)



--- Running general ESLint fixes in app/[locale] ---


Oops! Something went wrong! :(

ESLint: 9.26.0

No files matching the pattern "app/about" were found.
Please check for typing mistakes in the pattern.



--- Running general ESLint fixes in app/blog ---


--- Running general ESLint fixes in app/careers ---

/Users/herculeanfit1/dev/BridgingTrustAI/app/careers/page.tsx
  2:8  warning  'Link' is defined but never used  @typescript-eslint/no-unused-vars

✖ 1 problem (0 errors, 1 warning)



--- Running general ESLint fixes in app/contact ---


--- Running general ESLint fixes in app/page.tsx ---
